<?xml version="1.0" encoding="UTF-8"?>
<!-- Generated by org.testng.reporters.JUnitXMLReporter -->
<testsuite ignored="0" hostname="LAPTOP-HMJQ3PC0" failures="1" tests="1" name="multiibrowser" time="4.136" errors="0" timestamp="2021-08-06T14:58:43 IST">
  <testcase classname="testNG_multiBrowser_CT.multiBrowser_CT" name="TC" time="4.04">
    <failure type="org.openqa.selenium.SessionNotCreatedException" message="session not created: This version of ChromeDriver only supports Chrome version 90
Current browser version is 92.0.4515.131 with binary path C:\Program Files\Google\Chrome\Application\chrome.exe
Build info: version: &amp;apos;3.141.59&amp;apos;, revision: &amp;apos;e82be7d358&amp;apos;, time: &amp;apos;2018-11-14T08:25:53&amp;apos;
System info: host: &amp;apos;LAPTOP-HMJQ3PC0&amp;apos;, ip: &amp;apos;192.168.0.107&amp;apos;, os.name: &amp;apos;Windows 10&amp;apos;, os.arch: &amp;apos;amd64&amp;apos;, os.version: &amp;apos;10.0&amp;apos;, java.version: &amp;apos;16.0.2&amp;apos;
Driver info: driver.version: ChromeDriver
remote stacktrace: Backtrace:
	Ordinal0 [0x00B1C013+2474003]
	Ordinal0 [0x00AB29C1+2042305]
	Ordinal0 [0x009C2F68+1060712]
	Ordinal0 [0x009E188E+1185934]
	Ordinal0 [0x009DD600+1168896]
	Ordinal0 [0x009DAA83+1157763]
	Ordinal0 [0x00A0A2A2+1352354]
	Ordinal0 [0x00A08FAA+1347498]
	Ordinal0 [0x00A066DB+1337051]
	Ordinal0 [0x009E3427+1192999]
	Ordinal0 [0x009E42EE+1196782]
	Ordinal0 [0x009E4279+1196665]
	GetHandleVerifier [0x00CA96FC+1590332]
	GetHandleVerifier [0x00D58614+2306900]
	GetHandleVerifier [0x00BA9E93+543699]
	GetHandleVerifier [0x00BA92CE+540686]
	Ordinal0 [0x00AB86BA+2066106]
	Ordinal0 [0x00ABD1C8+2085320]
	Ordinal0 [0x00ABD308+2085640]
	Ordinal0 [0x00AC67F3+2123763]
	BaseThreadInitThunk [0x756DFA29+25]
	RtlGetAppContainerNamedObjectPath [0x772A7A7E+286]
	RtlGetAppContainerNamedObjectPath [0x772A7A4E+238]
">
      <![CDATA[org.openqa.selenium.SessionNotCreatedException: session not created: This version of ChromeDriver only supports Chrome version 90
Current browser version is 92.0.4515.131 with binary path C:\Program Files\Google\Chrome\Application\chrome.exe
Build info: version: '3.141.59', revision: 'e82be7d358', time: '2018-11-14T08:25:53'
System info: host: 'LAPTOP-HMJQ3PC0', ip: '192.168.0.107', os.name: 'Windows 10', os.arch: 'amd64', os.version: '10.0', java.version: '16.0.2'
Driver info: driver.version: ChromeDriver
remote stacktrace: Backtrace:
Ordinal0 [0x00B1C013+2474003]
Ordinal0 [0x00AB29C1+2042305]
Ordinal0 [0x009C2F68+1060712]
Ordinal0 [0x009E188E+1185934]
Ordinal0 [0x009DD600+1168896]
Ordinal0 [0x009DAA83+1157763]
Ordinal0 [0x00A0A2A2+1352354]
Ordinal0 [0x00A08FAA+1347498]
Ordinal0 [0x00A066DB+1337051]
Ordinal0 [0x009E3427+1192999]
Ordinal0 [0x009E42EE+1196782]
Ordinal0 [0x009E4279+1196665]
GetHandleVerifier [0x00CA96FC+1590332]
GetHandleVerifier [0x00D58614+2306900]
GetHandleVerifier [0x00BA9E93+543699]
GetHandleVerifier [0x00BA92CE+540686]
Ordinal0 [0x00AB86BA+2066106]
Ordinal0 [0x00ABD1C8+2085320]
Ordinal0 [0x00ABD308+2085640]
Ordinal0 [0x00AC67F3+2123763]
BaseThreadInitThunk [0x756DFA29+25]
RtlGetAppContainerNamedObjectPath [0x772A7A7E+286]
RtlGetAppContainerNamedObjectPath [0x772A7A4E+238]

at org.openqa.selenium.remote.W3CHandshakeResponse.lambda$errorHandler$0(W3CHandshakeResponse.java:62)
at org.openqa.selenium.remote.HandshakeResponse.lambda$getResponseFunction$0(HandshakeResponse.java:30)
at org.openqa.selenium.remote.ProtocolHandshake.lambda$createSession$0(ProtocolHandshake.java:126)
at java.base/java.util.stream.ReferencePipeline$3$1.accept(ReferencePipeline.java:197)
at java.base/java.util.Spliterators$ArraySpliterator.tryAdvance(Spliterators.java:958)
at java.base/java.util.stream.ReferencePipeline.forEachWithCancel(ReferencePipeline.java:129)
at java.base/java.util.stream.AbstractPipeline.copyIntoWithCancel(AbstractPipeline.java:502)
at java.base/java.util.stream.AbstractPipeline.copyInto(AbstractPipeline.java:488)
at java.base/java.util.stream.AbstractPipeline.wrapAndCopyInto(AbstractPipeline.java:474)
at java.base/java.util.stream.FindOps$FindOp.evaluateSequential(FindOps.java:150)
at java.base/java.util.stream.AbstractPipeline.evaluate(AbstractPipeline.java:234)
at java.base/java.util.stream.ReferencePipeline.findFirst(ReferencePipeline.java:647)
at org.openqa.selenium.remote.ProtocolHandshake.createSession(ProtocolHandshake.java:128)
at org.openqa.selenium.remote.ProtocolHandshake.createSession(ProtocolHandshake.java:74)
at org.openqa.selenium.remote.HttpCommandExecutor.execute(HttpCommandExecutor.java:136)
at org.openqa.selenium.remote.service.DriverCommandExecutor.execute(DriverCommandExecutor.java:83)
at org.openqa.selenium.remote.RemoteWebDriver.execute(RemoteWebDriver.java:552)
at org.openqa.selenium.remote.RemoteWebDriver.startSession(RemoteWebDriver.java:213)
at org.openqa.selenium.remote.RemoteWebDriver.<init>(RemoteWebDriver.java:131)
at org.openqa.selenium.chrome.ChromeDriver.<init>(ChromeDriver.java:181)
at org.openqa.selenium.chrome.ChromeDriver.<init>(ChromeDriver.java:168)
at org.openqa.selenium.chrome.ChromeDriver.<init>(ChromeDriver.java:123)
at testNG_multiBrowser_CT.multiBrowser_CT.TC(multiBrowser_CT.java:25)
at java.base/java.util.ArrayList.forEach(ArrayList.java:1511)
... Removed 32 stack frames]]>
    </failure>
  </testcase> <!-- TC -->
</testsuite> <!-- multiibrowser -->
